<?xml version="1.0" encoding="UTF-8"?>
<!-- Generated by org.testng.reporters.JUnitReportReporter -->
<testsuite hostname="DESKTOP-F18AKI1" failures="0" tests="3" name="com.actitime.qa.testcases.LogonPageTest" time="27.446" errors="0" timestamp="25 Sep 2022 18:33:08 GMT" skipped="0">
  <testcase classname="com.actitime.qa.testcases.LogonPageTest" name="loginPageLogoTest" time="9.439"/>
  <testcase classname="com.actitime.qa.testcases.LogonPageTest" name="LoginTest" time="8.734"/>
  <testcase classname="com.actitime.qa.testcases.LogonPageTest" name="LoginTest" time="9.273"/>
</testsuite> <!-- com.actitime.qa.testcases.LogonPageTest -->
