<?xml version="1.0" encoding="UTF-8"?>
<!-- Generated by org.testng.reporters.JUnitReportReporter -->
<testsuite hostname="DESKTOP-F18AKI1" failures="0" tests="1" name="com.actitime.qa.testcases.TasksPageTest" time="16.072" errors="0" timestamp="25 Sep 2022 18:33:08 GMT" skipped="0">
  <testcase classname="com.actitime.qa.testcases.TasksPageTest" name="tasksPageLogoTest" time="16.072"/>
</testsuite> <!-- com.actitime.qa.testcases.TasksPageTest -->
