<?xml version="1.0" encoding="UTF-8"?>
<!-- Generated by org.testng.reporters.JUnitReportReporter -->
<testsuite hostname="DESKTOP-F18AKI1" failures="0" tests="2" name="com.actitime.qa.testcases.ReportPageTest" time="34.740" errors="0" timestamp="25 Sep 2022 18:33:08 GMT" skipped="0">
  <testcase classname="com.actitime.qa.testcases.ReportPageTest" name="reportsPageLogoTest" time="17.370"/>
  <testcase classname="com.actitime.qa.testcases.ReportPageTest" name="reportsPagenewReportTest" time="17.370"/>
</testsuite> <!-- com.actitime.qa.testcases.ReportPageTest -->
