<?xml version="1.0" encoding="UTF-8"?>
<!-- Generated by org.testng.reporters.JUnitReportReporter -->
<testsuite hostname="DESKTOP-F18AKI1" failures="0" tests="2" name="com.actitime.qa.testcases.UsersPageTest" time="32.201" errors="0" timestamp="25 Sep 2022 18:33:08 GMT" skipped="0">
  <testcase classname="com.actitime.qa.testcases.UsersPageTest" name="usersPageLogoTest" time="16.088"/>
  <testcase classname="com.actitime.qa.testcases.UsersPageTest" name="reportsPageNewReportTest" time="16.113"/>
</testsuite> <!-- com.actitime.qa.testcases.UsersPageTest -->
