<?xml version="1.0" encoding="UTF-8"?>
<!-- Generated by org.testng.reporters.JUnitReportReporter -->
<testsuite hostname="DESKTOP-F18AKI1" failures="0" tests="2" name="com.actitime.qa.testcases.HomePageTest" time="31.760" errors="0" timestamp="25 Sep 2022 18:33:08 GMT" skipped="0">
  <testcase classname="com.actitime.qa.testcases.HomePageTest" name="homePageLogoTest" time="14.844"/>
  <testcase classname="com.actitime.qa.testcases.HomePageTest" name="homePageTaskLinkTest" time="16.916"/>
</testsuite> <!-- com.actitime.qa.testcases.HomePageTest -->
